<?xml version="1.0" encoding="UTF-8"?>
<testng-results ignored="0" total="2" passed="2" failed="0" skipped="0">
  <reporter-output>
  </reporter-output>
  <suite started-at="2025-11-23T16:00:22 IST" name="Swag AutomationSuite" finished-at="2025-11-23T16:00:33 IST" duration-ms="10333">
    <groups>
    </groups>
    <test started-at="2025-11-23T16:00:22 IST" name="Login Tests" finished-at="2025-11-23T16:00:33 IST" duration-ms="10333">
      <class name="common.Qa.testcases.LoginPageTest">
        <test-method is-config="true" signature="Setup()[pri:0, instance:common.Qa.testcases.LoginPageTest@5b12b668]" started-at="2025-11-23T16:00:23 IST" name="Setup" finished-at="2025-11-23T16:00:30 IST" duration-ms="6824" status="PASS">
          <reporter-output>
          </reporter-output>
        </test-method> <!-- Setup -->
        <test-method signature="LogoTest()[pri:1, instance:common.Qa.testcases.LoginPageTest@5b12b668]" started-at="2025-11-23T16:00:30 IST" name="LogoTest" finished-at="2025-11-23T16:00:30 IST" duration-ms="116" status="PASS">
          <reporter-output>
          </reporter-output>
        </test-method> <!-- LogoTest -->
        <test-method is-config="true" signature="teardown()[pri:0, instance:common.Qa.testcases.LoginPageTest@5b12b668]" started-at="2025-11-23T16:00:30 IST" name="teardown" finished-at="2025-11-23T16:00:30 IST" duration-ms="224" status="PASS">
          <reporter-output>
          </reporter-output>
        </test-method> <!-- teardown -->
        <test-method is-config="true" signature="Setup()[pri:0, instance:common.Qa.testcases.LoginPageTest@5b12b668]" started-at="2025-11-23T16:00:30 IST" name="Setup" finished-at="2025-11-23T16:00:32 IST" duration-ms="2235" status="PASS">
          <reporter-output>
          </reporter-output>
        </test-method> <!-- Setup -->
        <test-method signature="CredTest()[pri:2, instance:common.Qa.testcases.LoginPageTest@5b12b668]" started-at="2025-11-23T16:00:32 IST" name="CredTest" finished-at="2025-11-23T16:00:33 IST" duration-ms="436" status="PASS">
          <reporter-output>
          </reporter-output>
        </test-method> <!-- CredTest -->
        <test-method is-config="true" signature="teardown()[pri:0, instance:common.Qa.testcases.LoginPageTest@5b12b668]" started-at="2025-11-23T16:00:33 IST" name="teardown" finished-at="2025-11-23T16:00:33 IST" duration-ms="166" status="PASS">
          <reporter-output>
          </reporter-output>
        </test-method> <!-- teardown -->
      </class> <!-- common.Qa.testcases.LoginPageTest -->
    </test> <!-- Login Tests -->
  </suite> <!-- Swag AutomationSuite -->
</testng-results>
