<?xml version="1.0" encoding="UTF-8"?>
<!-- Generated by org.testng.reporters.JUnitXMLReporter -->
<testsuite ignored="0" hostname="vikki" failures="1" tests="2" name="Login Tests" time="4.699" errors="0" timestamp="2025-11-25T11:04:22 IST">
  <testcase classname="common.Qa.testcases.LoginPageTest" name="LogoTest" time="0.046">
    <failure type="java.lang.AssertionError" message="expected [false] but found [true]">
      <![CDATA[java.lang.AssertionError: expected [false] but found [true]
at common.Qa.testcases.LoginPageTest.LogoTest(LoginPageTest.java:34)
at java.base/java.util.ArrayList.forEach(ArrayList.java:1511)
... Removed 35 stack frames]]>
    </failure>
  </testcase> <!-- LogoTest -->
  <testcase classname="common.Qa.testcases.LoginPageTest" name="CredTest" time="0.304"/>
</testsuite> <!-- Login Tests -->
