<?xml version="1.0" encoding="UTF-8"?>
<!-- Generated by org.testng.reporters.JUnitReportReporter -->
<testsuite hostname="vikki" failures="0" tests="2" name="common.Qa.testcases.LoginPageTest" time="10.001" errors="0" timestamp="2025-11-23T16:00:33 IST" skipped="0">
  <testcase classname="common.Qa.testcases.LoginPageTest" name="LogoTest" time="2.575"/>
  <testcase classname="common.Qa.testcases.LoginPageTest" name="CredTest" time="7.426"/>
</testsuite> <!-- common.Qa.testcases.LoginPageTest -->
